{"level":"info","timestamp":"2024-12-22T16:49:30.367Z","message":"Incoming request","reqUrl":"/post/5/archive"}
{"level":"info","timestamp":"2024-12-22T16:49:42.020Z","message":"Incoming request","reqUrl":"/post/2/archive"}
{"level":"info","timestamp":"2024-12-23T06:19:43.758Z","message":"Incoming request","reqUrl":"/post"}
{"level":"info","timestamp":"2024-12-23T06:20:13.973Z","message":"Incoming request","reqUrl":"/post/"}
{"level":"info","timestamp":"2024-12-23T06:20:18.887Z","message":"Incoming request","reqUrl":"/post/"}
{"level":"info","timestamp":"2024-12-23T06:20:39.603Z","message":"Incoming request","reqUrl":"/post/"}
{"level":"info","timestamp":"2024-12-23T06:21:32.276Z","message":"Incoming request","reqUrl":"/comment/1"}
{"level":"info","timestamp":"2024-12-23T06:21:40.446Z","message":"Incoming request","reqUrl":"/comment/1"}
{"level":"info","timestamp":"2024-12-23T06:22:26.326Z","message":"Incoming request","reqUrl":"/comment/1"}
{"level":"info","timestamp":"2024-12-23T06:23:12.580Z","message":"Incoming request","reqUrl":"/comment/1"}
{"level":"info","timestamp":"2024-12-23T06:23:17.008Z","message":"Incoming request","reqUrl":"/comment/1"}
{"level":"info","timestamp":"2024-12-23T06:24:08.058Z","message":"Incoming request","reqUrl":"/comment/1"}
{"level":"info","timestamp":"2024-12-23T06:24:28.074Z","message":"Incoming request","reqUrl":"/comment/1"}
{"level":"info","timestamp":"2024-12-23T06:24:29.738Z","message":"Incoming request","reqUrl":"/comment/1"}
{"level":"info","timestamp":"2024-12-23T06:24:30.352Z","message":"Incoming request","reqUrl":"/comment/1"}
{"level":"info","timestamp":"2024-12-23T06:24:30.788Z","message":"Incoming request","reqUrl":"/comment/1"}
{"level":"info","timestamp":"2024-12-23T06:24:33.342Z","message":"Incoming request","reqUrl":"/comment/1"}
{"level":"info","timestamp":"2024-12-23T06:25:14.388Z","message":"Incoming request","reqUrl":"/comment/1"}
{"level":"info","timestamp":"2024-12-23T06:25:21.815Z","message":"Incoming request","reqUrl":"/comment/1"}
{"level":"info","timestamp":"2024-12-23T06:26:15.689Z","message":"Incoming request","reqUrl":"/comment/1"}
{"level":"info","timestamp":"2024-12-23T06:26:39.255Z","message":"Incoming request","reqUrl":"/comment/1"}
{"level":"info","timestamp":"2024-12-23T06:26:52.647Z","message":"Incoming request","reqUrl":"/comment/1"}
{"level":"info","timestamp":"2024-12-23T06:27:07.264Z","message":"Incoming request","reqUrl":"/comment/1"}
{"level":"info","timestamp":"2024-12-23T06:27:51.666Z","message":"Incoming request","reqUrl":"/comment/1"}
{"level":"info","timestamp":"2024-12-23T06:29:29.715Z","message":"Incoming request","reqUrl":"/comment/1"}
{"level":"info","timestamp":"2024-12-23T06:30:03.469Z","message":"Incoming request","reqUrl":"/comment/1"}
{"level":"info","timestamp":"2024-12-23T06:30:16.451Z","message":"Incoming request","reqUrl":"/comment/1"}
{"level":"info","timestamp":"2024-12-23T06:30:29.983Z","message":"Incoming request","reqUrl":"/comment/1"}
{"level":"info","timestamp":"2024-12-23T06:32:31.325Z","message":"Incoming request","reqUrl":"/comment/1"}
{"level":"info","timestamp":"2024-12-23T06:32:32.399Z","message":"Incoming request","reqUrl":"/comment/1"}
{"level":"info","timestamp":"2024-12-23T06:32:32.965Z","message":"Incoming request","reqUrl":"/comment/1"}
{"level":"info","timestamp":"2024-12-23T06:32:35.047Z","message":"Incoming request","reqUrl":"/comment/1"}
{"level":"info","timestamp":"2024-12-23T06:33:01.129Z","message":"Incoming request","reqUrl":"/comment/1"}
{"level":"info","timestamp":"2024-12-23T06:33:05.342Z","message":"Incoming request","reqUrl":"/comment/1"}
{"level":"info","timestamp":"2024-12-23T06:33:05.715Z","message":"Incoming request","reqUrl":"/comment/1"}
{"level":"info","timestamp":"2024-12-23T06:33:06.146Z","message":"Incoming request","reqUrl":"/comment/1"}
{"level":"info","timestamp":"2024-12-23T06:33:07.470Z","message":"Incoming request","reqUrl":"/comment/1"}
{"level":"info","timestamp":"2024-12-23T06:33:07.941Z","message":"Incoming request","reqUrl":"/comment/1"}
{"level":"info","timestamp":"2024-12-23T06:33:08.452Z","message":"Incoming request","reqUrl":"/comment/1"}
{"level":"info","timestamp":"2024-12-23T06:33:11.035Z","message":"Incoming request","reqUrl":"/comment/1"}
{"level":"info","timestamp":"2024-12-23T10:18:01.548Z","message":"Incoming request","reqUrl":"/comment/1"}
{"level":"info","timestamp":"2024-12-23T10:18:09.568Z","message":"Incoming request","reqUrl":"/comment/2"}
{"level":"info","timestamp":"2024-12-23T10:18:13.115Z","message":"Incoming request","reqUrl":"/comment/1"}
{"level":"info","timestamp":"2024-12-23T10:19:00.443Z","message":"Incoming request","reqUrl":"/comment/"}
{"level":"info","timestamp":"2024-12-23T10:19:07.284Z","message":"Incoming request","reqUrl":"/comment/1"}
{"level":"info","timestamp":"2024-12-23T10:19:43.627Z","message":"Incoming request","reqUrl":"/comment/11"}
{"level":"info","timestamp":"2024-12-23T10:20:03.534Z","message":"Incoming request","reqUrl":"/comment/10"}
{"level":"info","timestamp":"2024-12-23T10:20:42.437Z","message":"Incoming request","reqUrl":"/comment/11"}
{"level":"info","timestamp":"2024-12-23T10:20:45.816Z","message":"Incoming request","reqUrl":"/comment/1"}
{"level":"info","timestamp":"2024-12-23T10:21:03.090Z","message":"Incoming request","reqUrl":"/comment/1"}
{"level":"info","timestamp":"2024-12-23T10:21:07.448Z","message":"Incoming request","reqUrl":"/comment/1"}
{"level":"info","timestamp":"2024-12-23T10:21:22.966Z","message":"Incoming request","reqUrl":"/comment/1"}
{"level":"info","timestamp":"2024-12-23T10:22:45.910Z","message":"Incoming request","reqUrl":"/comment/5"}
{"level":"info","timestamp":"2024-12-23T15:38:38.878Z","message":"Incoming request","reqUrl":"/api-docsd"}
{"level":"info","timestamp":"2024-12-23T15:38:39.229Z","message":"Incoming request","reqUrl":"/favicon.ico"}
{"level":"info","timestamp":"2024-12-23T15:38:44.543Z","message":"Incoming request","reqUrl":"/api-docs"}
{"level":"info","timestamp":"2024-12-23T15:38:44.551Z","message":"Incoming request","reqUrl":"/api-docs/"}
{"level":"info","timestamp":"2024-12-23T15:38:44.587Z","message":"Incoming request","reqUrl":"/api-docs/swagger-ui.css"}
{"level":"info","timestamp":"2024-12-23T15:38:44.605Z","message":"Incoming request","reqUrl":"/api-docs/swagger-ui-bundle.js"}
{"level":"info","timestamp":"2024-12-23T15:38:44.615Z","message":"Incoming request","reqUrl":"/api-docs/swagger-ui-standalone-preset.js"}
{"level":"info","timestamp":"2024-12-23T15:38:44.622Z","message":"Incoming request","reqUrl":"/api-docs/swagger-ui-init.js"}
{"level":"info","timestamp":"2024-12-23T15:38:44.806Z","message":"Incoming request","reqUrl":"/api-docs/favicon-32x32.png"}
{"level":"info","timestamp":"2024-12-23T17:04:14.758Z","message":"Incoming request","reqUrl":"/api-docs/"}
{"level":"info","timestamp":"2024-12-23T17:04:14.833Z","message":"Incoming request","reqUrl":"/api-docs/swagger-ui-standalone-preset.js"}
{"level":"info","timestamp":"2024-12-23T17:04:14.843Z","message":"Incoming request","reqUrl":"/api-docs/swagger-ui.css"}
{"level":"info","timestamp":"2024-12-23T17:04:14.846Z","message":"Incoming request","reqUrl":"/api-docs/swagger-ui-bundle.js"}
{"level":"info","timestamp":"2024-12-23T17:04:14.849Z","message":"Incoming request","reqUrl":"/api-docs/swagger-ui-init.js"}
{"level":"info","timestamp":"2024-12-23T17:04:15.253Z","message":"Incoming request","reqUrl":"/api-docs/favicon-32x32.png"}
{"level":"info","timestamp":"2024-12-23T17:06:44.546Z","message":"Incoming request","reqUrl":"/api-docs/"}
{"level":"info","timestamp":"2024-12-23T17:06:44.664Z","message":"Incoming request","reqUrl":"/api-docs/swagger-ui.css"}
{"level":"info","timestamp":"2024-12-23T17:06:44.668Z","message":"Incoming request","reqUrl":"/api-docs/swagger-ui-bundle.js"}
{"level":"info","timestamp":"2024-12-23T17:06:44.671Z","message":"Incoming request","reqUrl":"/api-docs/swagger-ui-standalone-preset.js"}
{"level":"info","timestamp":"2024-12-23T17:06:44.673Z","message":"Incoming request","reqUrl":"/api-docs/swagger-ui-init.js"}
{"level":"info","timestamp":"2024-12-23T17:06:44.965Z","message":"Incoming request","reqUrl":"/api-docs/favicon-32x32.png"}
{"level":"info","timestamp":"2024-12-23T17:09:28.659Z","message":"Incoming request","reqUrl":"/api-docs/"}
{"level":"info","timestamp":"2024-12-23T17:09:28.710Z","message":"Incoming request","reqUrl":"/api-docs/swagger-ui.css"}
{"level":"info","timestamp":"2024-12-23T17:09:28.711Z","message":"Incoming request","reqUrl":"/api-docs/swagger-ui-standalone-preset.js"}
{"level":"info","timestamp":"2024-12-23T17:09:28.716Z","message":"Incoming request","reqUrl":"/api-docs/swagger-ui-bundle.js"}
{"level":"info","timestamp":"2024-12-23T17:09:28.719Z","message":"Incoming request","reqUrl":"/api-docs/swagger-ui-init.js"}
{"level":"info","timestamp":"2024-12-23T17:09:28.946Z","message":"Incoming request","reqUrl":"/api-docs/favicon-32x32.png"}
{"level":"info","timestamp":"2024-12-23T17:10:17.122Z","message":"Incoming request","reqUrl":"/api/post"}
{"level":"info","timestamp":"2024-12-23T17:10:24.651Z","message":"Incoming request","reqUrl":"/api-docs/"}
{"level":"info","timestamp":"2024-12-23T17:10:24.688Z","message":"Incoming request","reqUrl":"/api-docs/swagger-ui-bundle.js"}
{"level":"info","timestamp":"2024-12-23T17:10:24.691Z","message":"Incoming request","reqUrl":"/api-docs/swagger-ui-standalone-preset.js"}
{"level":"info","timestamp":"2024-12-23T17:10:24.692Z","message":"Incoming request","reqUrl":"/api-docs/swagger-ui-init.js"}
{"level":"info","timestamp":"2024-12-23T17:10:24.696Z","message":"Incoming request","reqUrl":"/api-docs/swagger-ui.css"}
{"level":"info","timestamp":"2024-12-23T17:10:24.904Z","message":"Incoming request","reqUrl":"/api-docs/favicon-32x32.png"}
{"level":"info","timestamp":"2024-12-23T17:10:48.378Z","message":"Incoming request","reqUrl":"/api/post"}
{"level":"info","timestamp":"2024-12-23T17:11:45.240Z","message":"Incoming request","reqUrl":"/api-docs/"}
{"level":"info","timestamp":"2024-12-23T17:11:45.301Z","message":"Incoming request","reqUrl":"/api-docs/swagger-ui.css"}
{"level":"info","timestamp":"2024-12-23T17:11:45.305Z","message":"Incoming request","reqUrl":"/api-docs/swagger-ui-bundle.js"}
{"level":"info","timestamp":"2024-12-23T17:11:45.307Z","message":"Incoming request","reqUrl":"/api-docs/swagger-ui-standalone-preset.js"}
{"level":"info","timestamp":"2024-12-23T17:11:45.308Z","message":"Incoming request","reqUrl":"/api-docs/swagger-ui-init.js"}
{"level":"info","timestamp":"2024-12-23T17:11:45.537Z","message":"Incoming request","reqUrl":"/api-docs/favicon-32x32.png"}
{"level":"info","timestamp":"2024-12-23T17:11:57.615Z","message":"Incoming request","reqUrl":"/api/post"}
{"level":"info","timestamp":"2024-12-23T17:12:22.972Z","message":"Incoming request","reqUrl":"/api/post"}
{"level":"info","timestamp":"2024-12-23T17:13:19.216Z","message":"Incoming request","reqUrl":"/api-docs/"}
{"level":"info","timestamp":"2024-12-23T17:13:19.293Z","message":"Incoming request","reqUrl":"/api-docs/swagger-ui.css"}
{"level":"info","timestamp":"2024-12-23T17:13:19.296Z","message":"Incoming request","reqUrl":"/api-docs/swagger-ui-standalone-preset.js"}
{"level":"info","timestamp":"2024-12-23T17:13:19.300Z","message":"Incoming request","reqUrl":"/api-docs/swagger-ui-bundle.js"}
{"level":"info","timestamp":"2024-12-23T17:13:19.301Z","message":"Incoming request","reqUrl":"/api-docs/swagger-ui-init.js"}
{"level":"info","timestamp":"2024-12-23T17:13:19.519Z","message":"Incoming request","reqUrl":"/api-docs/favicon-32x32.png"}
{"level":"info","timestamp":"2024-12-23T17:13:34.833Z","message":"Incoming request","reqUrl":"/api/post"}
{"level":"info","timestamp":"2024-12-23T17:23:15.100Z","message":"Incoming request","reqUrl":"/api-docs/"}
{"level":"info","timestamp":"2024-12-23T17:23:15.170Z","message":"Incoming request","reqUrl":"/api-docs/swagger-ui.css"}
{"level":"info","timestamp":"2024-12-23T17:23:15.176Z","message":"Incoming request","reqUrl":"/api-docs/swagger-ui-init.js"}
{"level":"info","timestamp":"2024-12-23T17:23:15.180Z","message":"Incoming request","reqUrl":"/api-docs/swagger-ui-bundle.js"}
{"level":"info","timestamp":"2024-12-23T17:23:15.181Z","message":"Incoming request","reqUrl":"/api-docs/swagger-ui-standalone-preset.js"}
{"level":"info","timestamp":"2024-12-23T17:23:15.506Z","message":"Incoming request","reqUrl":"/api-docs/favicon-32x32.png"}
{"level":"info","timestamp":"2024-12-23T17:23:27.711Z","message":"Incoming request","reqUrl":"/api-docs/"}
{"level":"info","timestamp":"2024-12-23T17:23:27.751Z","message":"Incoming request","reqUrl":"/api-docs/swagger-ui-bundle.js"}
{"level":"info","timestamp":"2024-12-23T17:23:27.757Z","message":"Incoming request","reqUrl":"/api-docs/swagger-ui.css"}
{"level":"info","timestamp":"2024-12-23T17:23:27.768Z","message":"Incoming request","reqUrl":"/api-docs/swagger-ui-standalone-preset.js"}
{"level":"info","timestamp":"2024-12-23T17:23:27.770Z","message":"Incoming request","reqUrl":"/api-docs/swagger-ui-init.js"}
{"level":"info","timestamp":"2024-12-23T17:23:39.132Z","message":"Incoming request","reqUrl":"/api/post"}
{"level":"info","timestamp":"2024-12-23T17:24:09.777Z","message":"Incoming request","reqUrl":"/api/post?sort=asc"}
{"level":"info","timestamp":"2024-12-23T17:24:20.571Z","message":"Incoming request","reqUrl":"/api/post?sort=desc"}
{"level":"info","timestamp":"2024-12-23T17:29:13.042Z","message":"Incoming request","reqUrl":"/api-docs/"}
{"level":"info","timestamp":"2024-12-23T17:29:13.104Z","message":"Incoming request","reqUrl":"/api-docs/swagger-ui.css"}
{"level":"info","timestamp":"2024-12-23T17:29:13.111Z","message":"Incoming request","reqUrl":"/api-docs/swagger-ui-init.js"}
{"level":"info","timestamp":"2024-12-23T17:29:13.115Z","message":"Incoming request","reqUrl":"/api-docs/swagger-ui-standalone-preset.js"}
{"level":"info","timestamp":"2024-12-23T17:29:13.116Z","message":"Incoming request","reqUrl":"/api-docs/swagger-ui-bundle.js"}
{"level":"info","timestamp":"2024-12-23T17:29:13.347Z","message":"Incoming request","reqUrl":"/api-docs/favicon-32x32.png"}
{"level":"info","timestamp":"2024-12-23T17:29:47.331Z","message":"Incoming request","reqUrl":"/api/post"}
{"level":"info","timestamp":"2024-12-23T17:30:57.984Z","message":"Incoming request","reqUrl":"/api-docs/"}
{"level":"info","timestamp":"2024-12-23T17:30:58.107Z","message":"Incoming request","reqUrl":"/api-docs/swagger-ui.css"}
{"level":"info","timestamp":"2024-12-23T17:30:58.111Z","message":"Incoming request","reqUrl":"/api-docs/swagger-ui-standalone-preset.js"}
{"level":"info","timestamp":"2024-12-23T17:30:58.113Z","message":"Incoming request","reqUrl":"/api-docs/swagger-ui-bundle.js"}
{"level":"info","timestamp":"2024-12-23T17:30:58.114Z","message":"Incoming request","reqUrl":"/api-docs/swagger-ui-init.js"}
{"level":"info","timestamp":"2024-12-23T17:30:58.358Z","message":"Incoming request","reqUrl":"/api-docs/favicon-32x32.png"}
{"level":"info","timestamp":"2024-12-23T17:31:14.010Z","message":"Incoming request","reqUrl":"/api/post"}
{"level":"info","timestamp":"2024-12-23T17:32:26.618Z","message":"Incoming request","reqUrl":"/api/post"}
{"level":"info","timestamp":"2024-12-23T17:33:08.761Z","message":"Incoming request","reqUrl":"/api-docs/"}
{"level":"info","timestamp":"2024-12-23T17:33:08.850Z","message":"Incoming request","reqUrl":"/api-docs/swagger-ui.css"}
{"level":"info","timestamp":"2024-12-23T17:33:08.853Z","message":"Incoming request","reqUrl":"/api-docs/swagger-ui-standalone-preset.js"}
{"level":"info","timestamp":"2024-12-23T17:33:08.859Z","message":"Incoming request","reqUrl":"/api-docs/swagger-ui-init.js"}
{"level":"info","timestamp":"2024-12-23T17:33:08.861Z","message":"Incoming request","reqUrl":"/api-docs/swagger-ui-bundle.js"}
{"level":"info","timestamp":"2024-12-23T17:33:09.042Z","message":"Incoming request","reqUrl":"/api-docs/favicon-32x32.png"}
{"level":"info","timestamp":"2024-12-23T17:57:28.879Z","message":"Incoming request","reqUrl":"/api-docs/"}
{"level":"info","timestamp":"2024-12-23T17:57:28.987Z","message":"Incoming request","reqUrl":"/api-docs/swagger-ui.css"}
{"level":"info","timestamp":"2024-12-23T17:57:28.992Z","message":"Incoming request","reqUrl":"/api-docs/swagger-ui-standalone-preset.js"}
{"level":"info","timestamp":"2024-12-23T17:57:28.995Z","message":"Incoming request","reqUrl":"/api-docs/swagger-ui-init.js"}
{"level":"info","timestamp":"2024-12-23T17:57:28.999Z","message":"Incoming request","reqUrl":"/api-docs/swagger-ui-bundle.js"}
{"level":"info","timestamp":"2024-12-23T17:57:29.327Z","message":"Incoming request","reqUrl":"/api-docs/favicon-32x32.png"}
{"level":"info","timestamp":"2024-12-23T17:57:34.115Z","message":"Incoming request","reqUrl":"/api-docs/"}
{"level":"info","timestamp":"2024-12-23T17:57:34.165Z","message":"Incoming request","reqUrl":"/api-docs/swagger-ui.css"}
{"level":"info","timestamp":"2024-12-23T17:57:34.170Z","message":"Incoming request","reqUrl":"/api-docs/swagger-ui-bundle.js"}
{"level":"info","timestamp":"2024-12-23T17:57:34.174Z","message":"Incoming request","reqUrl":"/api-docs/swagger-ui-standalone-preset.js"}
{"level":"info","timestamp":"2024-12-23T17:57:34.176Z","message":"Incoming request","reqUrl":"/api-docs/swagger-ui-init.js"}
{"level":"info","timestamp":"2024-12-23T17:57:53.258Z","message":"Incoming request","reqUrl":"/api/post"}
{"level":"info","timestamp":"2024-12-23T17:58:08.977Z","message":"Incoming request","reqUrl":"/api/post/:id"}
{"level":"info","timestamp":"2024-12-23T17:58:32.424Z","message":"Incoming request","reqUrl":"/api/post/:id"}
{"level":"info","timestamp":"2024-12-23T17:59:47.509Z","message":"Incoming request","reqUrl":"/api/post/:id"}
{"level":"info","timestamp":"2024-12-23T18:00:29.175Z","message":"Incoming request","reqUrl":"/api/post/:id"}
{"level":"info","timestamp":"2024-12-23T18:02:53.498Z","message":"Incoming request","reqUrl":"/api/post/:id"}
{"level":"info","timestamp":"2024-12-23T18:05:47.570Z","message":"Incoming request","reqUrl":"/api/post/:id"}
{"level":"info","timestamp":"2024-12-23T18:06:03.264Z","message":"Incoming request","reqUrl":"/api-docs/"}
{"level":"info","timestamp":"2024-12-23T18:06:03.366Z","message":"Incoming request","reqUrl":"/api-docs/swagger-ui.css"}
{"level":"info","timestamp":"2024-12-23T18:06:03.369Z","message":"Incoming request","reqUrl":"/api-docs/swagger-ui-bundle.js"}
{"level":"info","timestamp":"2024-12-23T18:06:03.373Z","message":"Incoming request","reqUrl":"/api-docs/swagger-ui-standalone-preset.js"}
{"level":"info","timestamp":"2024-12-23T18:06:03.376Z","message":"Incoming request","reqUrl":"/api-docs/swagger-ui-init.js"}
{"level":"info","timestamp":"2024-12-23T18:06:03.633Z","message":"Incoming request","reqUrl":"/api-docs/favicon-32x32.png"}
{"level":"info","timestamp":"2024-12-23T18:06:20.988Z","message":"Incoming request","reqUrl":"/api/post/1"}
{"level":"info","timestamp":"2024-12-23T18:07:00.576Z","message":"Incoming request","reqUrl":"/api/post/1"}
{"level":"info","timestamp":"2024-12-23T18:07:26.582Z","message":"Incoming request","reqUrl":"/api/post"}
{"level":"info","timestamp":"2024-12-23T18:07:38.017Z","message":"Incoming request","reqUrl":"/api/post/16"}
{"level":"info","timestamp":"2024-12-23T18:07:44.986Z","message":"Incoming request","reqUrl":"/api/post/6"}
{"level":"info","timestamp":"2024-12-23T18:07:55.201Z","message":"Incoming request","reqUrl":"/api/post/6"}
{"level":"info","timestamp":"2024-12-23T18:08:11.228Z","message":"Incoming request","reqUrl":"/api/post/filter?search=s"}
{"level":"info","timestamp":"2024-12-23T18:08:23.414Z","message":"Incoming request","reqUrl":"/api/post/filter?search=caption"}
{"level":"info","timestamp":"2024-12-23T18:10:09.753Z","message":"Incoming request","reqUrl":"/api/post/filter?search=caption"}
{"level":"info","timestamp":"2024-12-23T18:11:35.931Z","message":"Incoming request","reqUrl":"/api/post"}
{"level":"info","timestamp":"2024-12-23T18:11:45.662Z","message":"Incoming request","reqUrl":"/api/post/filter?search=caption"}
{"level":"info","timestamp":"2024-12-23T18:12:40.109Z","message":"Incoming request","reqUrl":"/api/post/filter?search=caption"}
{"level":"info","timestamp":"2024-12-23T18:13:07.911Z","message":"Incoming request","reqUrl":"/api/post/filter?search=cap"}
{"level":"info","timestamp":"2024-12-23T18:15:28.301Z","message":"Incoming request","reqUrl":"/api/post/filter?search=caption"}
{"level":"info","timestamp":"2024-12-23T18:17:08.869Z","message":"Incoming request","reqUrl":"/api/post/filter?search=caption"}
{"level":"info","timestamp":"2024-12-23T18:17:35.451Z","message":"Incoming request","reqUrl":"/api/post/filter?search=caption"}
{"level":"info","timestamp":"2024-12-23T18:17:43.718Z","message":"Incoming request","reqUrl":"/api/post/filter?search=caption"}
{"level":"info","timestamp":"2024-12-23T18:22:35.171Z","message":"Incoming request","reqUrl":"/api/post"}
{"level":"info","timestamp":"2024-12-23T18:23:08.020Z","message":"Incoming request","reqUrl":"/api/post/filter?search=caption"}
{"level":"info","timestamp":"2024-12-23T18:24:21.804Z","message":"Incoming request","reqUrl":"/api/post/filter?search=caption"}
{"level":"info","timestamp":"2024-12-23T18:25:20.533Z","message":"Incoming request","reqUrl":"/api/post/filter?search=caption"}
{"level":"info","timestamp":"2024-12-23T18:25:38.304Z","message":"Incoming request","reqUrl":"/api/post/filter?search=caption"}
{"level":"info","timestamp":"2024-12-23T18:26:06.603Z","message":"Incoming request","reqUrl":"/api/post/filter?search=caption"}
{"level":"info","timestamp":"2024-12-23T18:26:09.394Z","message":"Incoming request","reqUrl":"/api/post/filter?search=caption"}
{"level":"info","timestamp":"2024-12-23T18:26:09.846Z","message":"Incoming request","reqUrl":"/api/post/filter?search=caption"}
{"level":"info","timestamp":"2024-12-23T18:26:10.258Z","message":"Incoming request","reqUrl":"/api/post/filter?search=caption"}
{"level":"info","timestamp":"2024-12-23T18:26:10.624Z","message":"Incoming request","reqUrl":"/api/post/filter?search=caption"}
{"level":"info","timestamp":"2024-12-23T18:26:11.173Z","message":"Incoming request","reqUrl":"/api/post/filter?search=caption"}
{"level":"info","timestamp":"2024-12-23T18:26:11.946Z","message":"Incoming request","reqUrl":"/api/post/filter?search=caption"}
{"level":"info","timestamp":"2024-12-23T18:26:12.305Z","message":"Incoming request","reqUrl":"/api/post/filter?search=caption"}
{"level":"info","timestamp":"2024-12-23T18:26:12.467Z","message":"Incoming request","reqUrl":"/api/post/filter?search=caption"}
{"level":"info","timestamp":"2024-12-23T18:26:12.900Z","message":"Incoming request","reqUrl":"/api/post/filter?search=caption"}
{"level":"info","timestamp":"2024-12-23T18:26:13.498Z","message":"Incoming request","reqUrl":"/api/post/filter?search=caption"}
{"level":"info","timestamp":"2024-12-23T18:26:13.644Z","message":"Incoming request","reqUrl":"/api/post/filter?search=caption"}
{"level":"info","timestamp":"2024-12-23T18:26:14.071Z","message":"Incoming request","reqUrl":"/api/post/filter?search=caption"}
{"level":"info","timestamp":"2024-12-23T18:26:14.284Z","message":"Incoming request","reqUrl":"/api/post/filter?search=caption"}
{"level":"info","timestamp":"2024-12-23T18:26:14.484Z","message":"Incoming request","reqUrl":"/api/post/filter?search=caption"}
{"level":"info","timestamp":"2024-12-23T18:26:14.864Z","message":"Incoming request","reqUrl":"/api/post/filter?search=caption"}
{"level":"info","timestamp":"2024-12-23T18:26:15.200Z","message":"Incoming request","reqUrl":"/api/post/filter?search=caption"}
{"level":"info","timestamp":"2024-12-23T18:26:15.372Z","message":"Incoming request","reqUrl":"/api/post/filter?search=caption"}
{"level":"info","timestamp":"2024-12-23T18:26:15.803Z","message":"Incoming request","reqUrl":"/api/post/filter?search=caption"}
{"level":"info","timestamp":"2024-12-23T18:26:16.213Z","message":"Incoming request","reqUrl":"/api/post/filter?search=caption"}
{"level":"info","timestamp":"2024-12-23T18:26:17.087Z","message":"Incoming request","reqUrl":"/api/post/filter?search=caption"}
{"level":"info","timestamp":"2024-12-23T18:26:17.682Z","message":"Incoming request","reqUrl":"/api/post/filter?search=caption"}
{"level":"info","timestamp":"2024-12-23T18:26:18.160Z","message":"Incoming request","reqUrl":"/api/post/filter?search=caption"}
{"level":"info","timestamp":"2024-12-23T18:27:14.279Z","message":"Incoming request","reqUrl":"/api/post/filter?search=caption"}
{"level":"info","timestamp":"2024-12-23T18:28:01.818Z","message":"Incoming request","reqUrl":"/api/post/filter?search=caption"}
{"level":"info","timestamp":"2024-12-23T18:29:07.714Z","message":"Incoming request","reqUrl":"/api/post/filter?search=caption"}
{"level":"info","timestamp":"2024-12-23T18:35:25.877Z","message":"Incoming request","reqUrl":"/api/post/filter?search=caption"}
{"level":"info","timestamp":"2024-12-23T18:35:59.041Z","message":"Incoming request","reqUrl":"/api/post/draft"}
{"level":"info","timestamp":"2024-12-23T18:38:37.726Z","message":"Incoming request","reqUrl":"/api/:id/archive"}
{"level":"info","timestamp":"2024-12-23T18:38:57.730Z","message":"Incoming request","reqUrl":"/api-docs/"}
{"level":"info","timestamp":"2024-12-23T18:38:57.809Z","message":"Incoming request","reqUrl":"/api-docs/swagger-ui.css"}
{"level":"info","timestamp":"2024-12-23T18:38:57.814Z","message":"Incoming request","reqUrl":"/api-docs/swagger-ui-standalone-preset.js"}
{"level":"info","timestamp":"2024-12-23T18:38:57.818Z","message":"Incoming request","reqUrl":"/api-docs/swagger-ui-bundle.js"}
{"level":"info","timestamp":"2024-12-23T18:38:57.820Z","message":"Incoming request","reqUrl":"/api-docs/swagger-ui-init.js"}
{"level":"info","timestamp":"2024-12-23T18:38:58.199Z","message":"Incoming request","reqUrl":"/api-docs/favicon-32x32.png"}
{"level":"info","timestamp":"2024-12-23T18:39:14.260Z","message":"Incoming request","reqUrl":"/api/post/:id/archive"}
{"level":"info","timestamp":"2024-12-23T18:39:43.716Z","message":"Incoming request","reqUrl":"/api/post/:id/archive"}
{"level":"info","timestamp":"2024-12-23T18:39:59.808Z","message":"Incoming request","reqUrl":"/api-docs/"}
{"level":"info","timestamp":"2024-12-23T18:39:59.875Z","message":"Incoming request","reqUrl":"/api-docs/swagger-ui.css"}
{"level":"info","timestamp":"2024-12-23T18:39:59.886Z","message":"Incoming request","reqUrl":"/api-docs/swagger-ui-bundle.js"}
{"level":"info","timestamp":"2024-12-23T18:39:59.888Z","message":"Incoming request","reqUrl":"/api-docs/swagger-ui-standalone-preset.js"}
{"level":"info","timestamp":"2024-12-23T18:39:59.890Z","message":"Incoming request","reqUrl":"/api-docs/swagger-ui-init.js"}
{"level":"info","timestamp":"2024-12-23T18:40:00.164Z","message":"Incoming request","reqUrl":"/api-docs/favicon-32x32.png"}
{"level":"info","timestamp":"2024-12-23T18:40:17.333Z","message":"Incoming request","reqUrl":"/api/post/:id/archive"}
{"level":"info","timestamp":"2024-12-23T18:40:47.605Z","message":"Incoming request","reqUrl":"/api/post/:id/archive"}
{"level":"info","timestamp":"2024-12-23T18:41:38.080Z","message":"Incoming request","reqUrl":"/api/post/:id/archive"}
{"level":"info","timestamp":"2024-12-23T18:41:56.218Z","message":"Incoming request","reqUrl":"/api-docs/"}
{"level":"info","timestamp":"2024-12-23T18:41:56.283Z","message":"Incoming request","reqUrl":"/api-docs/swagger-ui.css"}
{"level":"info","timestamp":"2024-12-23T18:41:56.289Z","message":"Incoming request","reqUrl":"/api-docs/swagger-ui-standalone-preset.js"}
{"level":"info","timestamp":"2024-12-23T18:41:56.295Z","message":"Incoming request","reqUrl":"/api-docs/swagger-ui-init.js"}
{"level":"info","timestamp":"2024-12-23T18:41:56.299Z","message":"Incoming request","reqUrl":"/api-docs/swagger-ui-bundle.js"}
{"level":"info","timestamp":"2024-12-23T18:41:56.543Z","message":"Incoming request","reqUrl":"/api-docs/favicon-32x32.png"}
{"level":"info","timestamp":"2024-12-23T18:42:17.506Z","message":"Incoming request","reqUrl":"/api/post/2/archive"}
{"level":"info","timestamp":"2024-12-23T18:42:28.444Z","message":"Incoming request","reqUrl":"/api/like/1"}
{"level":"info","timestamp":"2024-12-23T18:42:54.601Z","message":"Incoming request","reqUrl":"/api/like/1"}
{"level":"info","timestamp":"2024-12-23T18:43:10.665Z","message":"Incoming request","reqUrl":"/api/post"}
{"level":"info","timestamp":"2024-12-23T18:43:23.706Z","message":"Incoming request","reqUrl":"/api/post"}
{"level":"info","timestamp":"2024-12-23T18:44:10.036Z","message":"Incoming request","reqUrl":"/api/post"}
{"level":"info","timestamp":"2024-12-23T18:45:26.040Z","message":"Incoming request","reqUrl":"/api/post"}
{"level":"info","timestamp":"2024-12-23T18:45:37.407Z","message":"Incoming request","reqUrl":"/api/post"}
{"level":"info","timestamp":"2024-12-23T18:45:59.602Z","message":"Incoming request","reqUrl":"/api/like/1"}
{"level":"info","timestamp":"2024-12-23T18:46:09.082Z","message":"Incoming request","reqUrl":"/api/post"}
{"level":"info","timestamp":"2024-12-23T18:48:52.208Z","message":"Incoming request","reqUrl":"/api/like/toggle/1"}
{"level":"info","timestamp":"2024-12-23T18:48:58.864Z","message":"Incoming request","reqUrl":"/api/like/toggle/1"}
{"level":"info","timestamp":"2024-12-23T18:49:34.456Z","message":"Incoming request","reqUrl":"/api/like/toggle/1"}
{"level":"info","timestamp":"2024-12-23T18:49:56.901Z","message":"Incoming request","reqUrl":"/api/like/toggle/1"}
{"level":"info","timestamp":"2024-12-23T18:50:08.394Z","message":"Incoming request","reqUrl":"/api/like/1"}
{"level":"info","timestamp":"2024-12-23T18:51:11.792Z","message":"Incoming request","reqUrl":"/api/comment/1"}
{"level":"info","timestamp":"2024-12-23T18:51:42.604Z","message":"Incoming request","reqUrl":"/api/comment/5"}
{"level":"info","timestamp":"2024-12-23T18:51:56.092Z","message":"Incoming request","reqUrl":"/api/comment/5"}
{"level":"info","timestamp":"2024-12-23T18:52:22.408Z","message":"Incoming request","reqUrl":"/api/comment/5"}
{"level":"info","timestamp":"2024-12-23T18:52:27.520Z","message":"Incoming request","reqUrl":"/api/comment/5"}
{"level":"info","timestamp":"2024-12-23T18:52:50.368Z","message":"Incoming request","reqUrl":"/api/comment/11"}
{"level":"info","timestamp":"2024-12-23T18:52:59.621Z","message":"Incoming request","reqUrl":"/api/comment/11"}
{"level":"info","timestamp":"2024-12-23T18:54:01.610Z","message":"Incoming request","reqUrl":"/api/comment/5"}
{"level":"info","timestamp":"2024-12-23T18:54:07.628Z","message":"Incoming request","reqUrl":"/api/comment/11"}
{"level":"info","timestamp":"2024-12-23T18:54:17.186Z","message":"Incoming request","reqUrl":"/api/comment/5"}
{"level":"info","timestamp":"2024-12-23T18:54:32.249Z","message":"Incoming request","reqUrl":"/api/comment/1"}
{"level":"info","timestamp":"2024-12-23T18:54:46.904Z","message":"Incoming request","reqUrl":"/api/comment/1"}
{"level":"info","timestamp":"2024-12-23T18:55:03.382Z","message":"Incoming request","reqUrl":"/api/post"}
{"level":"info","timestamp":"2024-12-23T19:11:12.447Z","message":"Incoming request","reqUrl":"/api/like/1"}
{"level":"info","timestamp":"2024-12-23T19:12:02.899Z","message":"Incoming request","reqUrl":"/api-docs/"}
{"level":"info","timestamp":"2024-12-23T19:12:02.956Z","message":"Incoming request","reqUrl":"/api-docs/swagger-ui-bundle.js"}
{"level":"info","timestamp":"2024-12-23T19:12:02.964Z","message":"Incoming request","reqUrl":"/api-docs/swagger-ui.css"}
{"level":"info","timestamp":"2024-12-23T19:12:02.966Z","message":"Incoming request","reqUrl":"/api-docs/swagger-ui-standalone-preset.js"}
{"level":"info","timestamp":"2024-12-23T19:12:02.972Z","message":"Incoming request","reqUrl":"/api-docs/swagger-ui-init.js"}
{"level":"info","timestamp":"2024-12-23T19:12:03.315Z","message":"Incoming request","reqUrl":"/api-docs/favicon-32x32.png"}
{"level":"info","timestamp":"2024-12-23T19:12:23.685Z","message":"Incoming request","reqUrl":"/api/like/toggle/1"}
{"level":"info","timestamp":"2024-12-23T19:12:34.431Z","message":"Incoming request","reqUrl":"/api/post"}
{"level":"info","timestamp":"2024-12-23T19:13:00.879Z","message":"Incoming request","reqUrl":"/api/like/toggle/1"}
{"level":"info","timestamp":"2024-12-23T19:13:54.145Z","message":"Incoming request","reqUrl":"/api/like/toggle/1"}
{"level":"info","timestamp":"2024-12-23T19:14:32.811Z","message":"Incoming request","reqUrl":"/api/like/toggle/1"}
{"level":"info","timestamp":"2024-12-23T19:15:54.812Z","message":"Incoming request","reqUrl":"/api/like/toggle/1"}
{"level":"info","timestamp":"2024-12-23T19:16:09.170Z","message":"Incoming request","reqUrl":"/api/post"}
{"level":"info","timestamp":"2024-12-23T19:16:34.376Z","message":"Incoming request","reqUrl":"/api/comment/1"}
{"level":"info","timestamp":"2024-12-23T19:16:43.083Z","message":"Incoming request","reqUrl":"/api/comment/1"}
{"level":"info","timestamp":"2024-12-23T19:16:43.890Z","message":"Incoming request","reqUrl":"/api/comment/1"}
{"level":"info","timestamp":"2024-12-23T19:16:44.343Z","message":"Incoming request","reqUrl":"/api/comment/1"}
{"level":"info","timestamp":"2024-12-23T19:16:51.064Z","message":"Incoming request","reqUrl":"/api/comment/1"}
{"level":"info","timestamp":"2024-12-23T19:16:59.004Z","message":"Incoming request","reqUrl":"/api/post"}
{"level":"info","timestamp":"2024-12-23T19:17:05.829Z","message":"Incoming request","reqUrl":"/api/post?sort=asc"}
{"level":"info","timestamp":"2024-12-23T19:17:14.696Z","message":"Incoming request","reqUrl":"/api/post?sort=desc"}
{"level":"info","timestamp":"2024-12-23T19:17:30.184Z","message":"Incoming request","reqUrl":"/api/post?sort=asc"}
